<?xml version="1.0" encoding="UTF-8"?>
<testsuite xmlns:xsi="http://www.w3.org/2001/XMLSchema-instance" xsi:noNamespaceSchemaLocation="https://maven.apache.org/surefire/maven-surefire-plugin/xsd/surefire-test-report-3.0.xsd" version="3.0" name="com.compiler.model.SemanticTest" time="0.187" tests="20" errors="0" skipped="0" failures="0">
  <properties>
[...]
</properties>
  <testcase name="testAction122EqualOperator" classname="com.compiler.model.SemanticTest" time="0.074"/>
  <testcase name="testAction122LessThanOperator" classname="com.compiler.model.SemanticTest" time="0.001"/>
  <testcase name="testPop2TypesAndPushCombination" classname="com.compiler.model.SemanticTest" time="0.003"/>
  <testcase name="testAction122GreaterThanOperator" classname="com.compiler.model.SemanticTest" time="0.001"/>
  <testcase name="testAction122InvalidRelationalOperator" classname="com.compiler.model.SemanticTest" time="0.001"/>
  <testcase name="testAction100" classname="com.compiler.model.SemanticTest" time="0.008">
    <system-out><![CDATA[ACTION #100, TOKEN: null
]]></system-out>
  </testcase>
  <testcase name="testAction101" classname="com.compiler.model.SemanticTest" time="0.014">
    <system-out><![CDATA[ACTION #101, TOKEN: 16 ( end ) @ 38
]]></system-out>
  </testcase>
  <testcase name="testAction118" classname="com.compiler.model.SemanticTest" time="0.002">
    <system-out><![CDATA[ACTION #118, TOKEN: 9 ( true ) @ 38
]]></system-out>
  </testcase>
  <testcase name="testAction119" classname="com.compiler.model.SemanticTest" time="0.002">
    <system-out><![CDATA[ACTION #119, TOKEN: 10 ( false ) @ 38
]]></system-out>
  </testcase>
  <testcase name="testAction120" classname="com.compiler.model.SemanticTest" time="0.002">
    <system-out><![CDATA[ACTION #120, TOKEN: 10 ( false ) @ 38
]]></system-out>
  </testcase>
  <testcase name="testAction121" classname="com.compiler.model.SemanticTest" time="0.001">
    <system-out><![CDATA[ACTION #121, TOKEN: 23 ( == ) @ 38
]]></system-out>
  </testcase>
  <testcase name="testAction123" classname="com.compiler.model.SemanticTest" time="0.001"/>
  <testcase name="testAction124" classname="com.compiler.model.SemanticTest" time="0.001"/>
  <testcase name="testAction125" classname="com.compiler.model.SemanticTest" time="0.001"/>
  <testcase name="testAction126" classname="com.compiler.model.SemanticTest" time="0.001"/>
  <testcase name="testAction128" classname="com.compiler.model.SemanticTest" time="0.001">
    <system-out><![CDATA[ACTION #128, TOKEN: 4 ( 1 ) @ 38
]]></system-out>
  </testcase>
  <testcase name="testAction129" classname="com.compiler.model.SemanticTest" time="0.002">
    <system-out><![CDATA[ACTION #129, TOKEN: 5 ( 1.0 ) @ 38
]]></system-out>
  </testcase>
  <testcase name="testAction130" classname="com.compiler.model.SemanticTest" time="0.002">
    <system-out><![CDATA[ACTION #130, TOKEN: 6 ( "teste string" ) @ 38
]]></system-out>
  </testcase>
  <testcase name="testAction131" classname="com.compiler.model.SemanticTest" time="0.001">
    <system-out><![CDATA[ACTION #131, TOKEN: 4 ( 7 ) @ 38
]]></system-out>
  </testcase>
  <testcase name="testAction122NotEqualOperator" classname="com.compiler.model.SemanticTest" time="0.001"/>
</testsuite>